# JRE version: OpenJDK Runtime Environment Temurin-21.0.8+9 (21.0.8+9) (build 21.0.8+9-LTS)
# Java VM: OpenJDK 64-Bit Server VM Temurin-21.0.8+9 (21.0.8+9-LTS, mixed mode, sharing, tiered, compressed oops, compressed class ptrs, parallel gc, windows-amd64)
GC Precious Log:
 CardTable entry size: 512
 CPUs: 16 total, 16 available
 Memory: 7893M
 Large Page Support: Disabled
 NUMA Support: Disabled
 Compressed Oops: Enabled (32-bit)
 Alignments: Space 512K, Generation 512K, Heap 2M
 Heap Min Capacity: 100M
 Heap Initial Capacity: 100M
 Heap Max Capacity: 2G
 Pre-touch: Disabled
 Parallel Workers: 13
Heap:
 PSYoungGen      total 8704K, used 6596K [0x00000000d5580000, 0x00000000d5f80000, 0x0000000100000000)
  eden space 7680K, 75% used [0x00000000d5580000,0x00000000d5b27f88,0x00000000d5d00000)
  from space 1024K, 78% used [0x00000000d5e80000,0x00000000d5f49210,0x00000000d5f80000)
  to   space 1024K, 0% used [0x00000000d5d80000,0x00000000d5d80000,0x00000000d5e80000)
 ParOldGen       total 1064960K, used 1027202K [0x0000000080000000, 0x00000000c1000000, 0x00000000d5580000)
  object space 1064960K, 96% used [0x0000000080000000,0x00000000beb209d8,0x00000000c1000000)
 Metaspace       used 84692K, committed 86400K, reserved 1179648K
  class space    used 8234K, committed 8960K, reserved 1048576K
GC Heap History (20 events):
Event: 1423.232 GC heap before
{Heap before GC invocations=2698 (full 5):
 PSYoungGen      total 6144K, used 5152K [0x00000000d5580000, 0x00000000d5f00000, 0x0000000100000000)
  eden space 3072K, 83% used [0x00000000d5580000,0x00000000d5802160,0x00000000d5880000)
  from space 3072K, 84% used [0x00000000d5c00000,0x00000000d5e86000,0x00000000d5f00000)
  to   space 3072K, 0% used [0x00000000d5900000,0x00000000d5900000,0x00000000d5c00000)
 ParOldGen       total 1064960K, used 1011095K [0x0000000080000000, 0x00000000c1000000, 0x00000000d5580000)
  object space 1064960K, 94% used [0x0000000080000000,0x00000000bdb65c78,0x00000000c1000000)
 Metaspace       used 84528K, committed 86208K, reserved 1179648K
  class space    used 8214K, committed 8896K, reserved 1048576K
}
Event: 1423.252 GC heap after
{Heap after GC invocations=2698 (full 5):
 PSYoungGen      total 6656K, used 2272K [0x00000000d5580000, 0x00000000d5e80000, 0x0000000100000000)
  eden space 3584K, 0% used [0x00000000d5580000,0x00000000d5580000,0x00000000d5900000)
  from space 3072K, 73% used [0x00000000d5900000,0x00000000d5b38000,0x00000000d5c00000)
  to   space 2560K, 0% used [0x00000000d5c00000,0x00000000d5c00000,0x00000000d5e80000)
 ParOldGen       total 1064960K, used 1013231K [0x0000000080000000, 0x00000000c1000000, 0x00000000d5580000)
  object space 1064960K, 95% used [0x0000000080000000,0x00000000bdd7bc78,0x00000000c1000000)
 Metaspace       used 84528K, committed 86208K, reserved 1179648K
  class space    used 8214K, committed 8896K, reserved 1048576K
}
Event: 1423.285 GC heap before
{Heap before GC invocations=2699 (full 5):
 PSYoungGen      total 6656K, used 5856K [0x00000000d5580000, 0x00000000d5e80000, 0x0000000100000000)
  eden space 3584K, 100% used [0x00000000d5580000,0x00000000d5900000,0x00000000d5900000)
  from space 3072K, 73% used [0x00000000d5900000,0x00000000d5b38000,0x00000000d5c00000)
  to   space 2560K, 0% used [0x00000000d5c00000,0x00000000d5c00000,0x00000000d5e80000)
 ParOldGen       total 1064960K, used 1013231K [0x0000000080000000, 0x00000000c1000000, 0x00000000d5580000)
  object space 1064960K, 95% used [0x0000000080000000,0x00000000bdd7bc78,0x00000000c1000000)
 Metaspace       used 84534K, committed 86208K, reserved 1179648K
  class space    used 8214K, committed 8896K, reserved 1048576K
}
Event: 1423.304 GC heap after
{Heap after GC invocations=2699 (full 5):
 PSYoungGen      total 6656K, used 1456K [0x00000000d5580000, 0x00000000d5e00000, 0x0000000100000000)
  eden space 4608K, 0% used [0x00000000d5580000,0x00000000d5580000,0x00000000d5a00000)
  from space 2048K, 71% used [0x00000000d5c00000,0x00000000d5d6c000,0x00000000d5e00000)
  to   space 2048K, 0% used [0x00000000d5a00000,0x00000000d5a00000,0x00000000d5c00000)
 ParOldGen       total 1064960K, used 1014655K [0x0000000080000000, 0x00000000c1000000, 0x00000000d5580000)
  object space 1064960K, 95% used [0x0000000080000000,0x00000000bdedfc98,0x00000000c1000000)
 Metaspace       used 84534K, committed 86208K, reserved 1179648K
  class space    used 8214K, committed 8896K, reserved 1048576K
}
Event: 1423.334 GC heap before
{Heap before GC invocations=2700 (full 5):
 PSYoungGen      total 6656K, used 6064K [0x00000000d5580000, 0x00000000d5e00000, 0x0000000100000000)
  eden space 4608K, 100% used [0x00000000d5580000,0x00000000d5a00000,0x00000000d5a00000)
  from space 2048K, 71% used [0x00000000d5c00000,0x00000000d5d6c000,0x00000000d5e00000)
  to   space 2048K, 0% used [0x00000000d5a00000,0x00000000d5a00000,0x00000000d5c00000)
 ParOldGen       total 1064960K, used 1014655K [0x0000000080000000, 0x00000000c1000000, 0x00000000d5580000)
  object space 1064960K, 95% used [0x0000000080000000,0x00000000bdedfc98,0x00000000c1000000)
 Metaspace       used 84558K, committed 86208K, reserved 1179648K
  class space    used 8214K, committed 8896K, reserved 1048576K
}
Event: 1423.343 GC heap after
{Heap after GC invocations=2700 (full 5):
 PSYoungGen      total 6656K, used 1344K [0x00000000d5580000, 0x00000000d5e00000, 0x0000000100000000)
  eden space 4608K, 0% used [0x00000000d5580000,0x00000000d5580000,0x00000000d5a00000)
  from space 2048K, 65% used [0x00000000d5a00000,0x00000000d5b50000,0x00000000d5c00000)
  to   space 1536K, 0% used [0x00000000d5c80000,0x00000000d5c80000,0x00000000d5e00000)
 ParOldGen       total 1064960K, used 1015737K [0x0000000080000000, 0x00000000c1000000, 0x00000000d5580000)
  object space 1064960K, 95% used [0x0000000080000000,0x00000000bdfee4c8,0x00000000c1000000)
 Metaspace       used 84558K, committed 86208K, reserved 1179648K
  class space    used 8214K, committed 8896K, reserved 1048576K
}
Event: 1423.358 GC heap before
{Heap before GC invocations=2701 (full 5):
 PSYoungGen      total 6656K, used 5952K [0x00000000d5580000, 0x00000000d5e00000, 0x0000000100000000)
  eden space 4608K, 100% used [0x00000000d5580000,0x00000000d5a00000,0x00000000d5a00000)
  from space 2048K, 65% used [0x00000000d5a00000,0x00000000d5b50000,0x00000000d5c00000)
  to   space 1536K, 0% used [0x00000000d5c80000,0x00000000d5c80000,0x00000000d5e00000)
 ParOldGen       total 1064960K, used 1015737K [0x0000000080000000, 0x00000000c1000000, 0x00000000d5580000)
  object space 1064960K, 95% used [0x0000000080000000,0x00000000bdfee4c8,0x00000000c1000000)
 Metaspace       used 84558K, committed 86208K, reserved 1179648K
  class space    used 8214K, committed 8896K, reserved 1048576K
}
Event: 1423.364 GC heap after
{Heap after GC invocations=2701 (full 5):
 PSYoungGen      total 6656K, used 768K [0x00000000d5580000, 0x00000000d5d80000, 0x0000000100000000)
  eden space 5632K, 0% used [0x00000000d5580000,0x00000000d5580000,0x00000000d5b00000)
  from space 1024K, 75% used [0x00000000d5c80000,0x00000000d5d40000,0x00000000d5d80000)
  to   space 1024K, 0% used [0x00000000d5b80000,0x00000000d5b80000,0x00000000d5c80000)
 ParOldGen       total 1064960K, used 1016897K [0x0000000080000000, 0x00000000c1000000, 0x00000000d5580000)
  object space 1064960K, 95% used [0x0000000080000000,0x00000000be1104d0,0x00000000c1000000)
 Metaspace       used 84558K, committed 86208K, reserved 1179648K
  class space    used 8214K, committed 8896K, reserved 1048576K
}
Event: 1423.408 GC heap before
{Heap before GC invocations=2702 (full 5):
 PSYoungGen      total 6656K, used 5791K [0x00000000d5580000, 0x00000000d5d80000, 0x0000000100000000)
  eden space 5632K, 89% used [0x00000000d5580000,0x00000000d5a67f38,0x00000000d5b00000)
  from space 1024K, 75% used [0x00000000d5c80000,0x00000000d5d40000,0x00000000d5d80000)
  to   space 1024K, 0% used [0x00000000d5b80000,0x00000000d5b80000,0x00000000d5c80000)
 ParOldGen       total 1064960K, used 1016897K [0x0000000080000000, 0x00000000c1000000, 0x00000000d5580000)
  object space 1064960K, 95% used [0x0000000080000000,0x00000000be1104d0,0x00000000c1000000)
 Metaspace       used 84566K, committed 86208K, reserved 1179648K
  class space    used 8214K, committed 8896K, reserved 1048576K
}
Event: 1423.414 GC heap after
{Heap after GC invocations=2702 (full 5):
 PSYoungGen      total 7168K, used 1019K [0x00000000d5580000, 0x00000000d6280000, 0x0000000100000000)
  eden space 6144K, 0% used [0x00000000d5580000,0x00000000d5580000,0x00000000d5b80000)
  from space 1024K, 99% used [0x00000000d5b80000,0x00000000d5c7ecd8,0x00000000d5c80000)
  to   space 3072K, 0% used [0x00000000d5f80000,0x00000000d5f80000,0x00000000d6280000)
 ParOldGen       total 1064960K, used 1018384K [0x0000000080000000, 0x00000000c1000000, 0x00000000d5580000)
  object space 1064960K, 95% used [0x0000000080000000,0x00000000be284178,0x00000000c1000000)
 Metaspace       used 84566K, committed 86208K, reserved 1179648K
  class space    used 8214K, committed 8896K, reserved 1048576K
}
Event: 1423.433 GC heap before
{Heap before GC invocations=2703 (full 5):
 PSYoungGen      total 7168K, used 6096K [0x00000000d5580000, 0x00000000d6280000, 0x0000000100000000)
  eden space 6144K, 82% used [0x00000000d5580000,0x00000000d5a753c8,0x00000000d5b80000)
  from space 1024K, 99% used [0x00000000d5b80000,0x00000000d5c7ecd8,0x00000000d5c80000)
  to   space 3072K, 0% used [0x00000000d5f80000,0x00000000d5f80000,0x00000000d6280000)
 ParOldGen       total 1064960K, used 1018384K [0x0000000080000000, 0x00000000c1000000, 0x00000000d5580000)
  object space 1064960K, 95% used [0x0000000080000000,0x00000000be284178,0x00000000c1000000)
 Metaspace       used 84566K, committed 86208K, reserved 1179648K
  class space    used 8214K, committed 8896K, reserved 1048576K
}
Event: 1423.440 GC heap after
{Heap after GC invocations=2703 (full 5):
 PSYoungGen      total 8192K, used 3071K [0x00000000d5580000, 0x00000000d6700000, 0x0000000100000000)
  eden space 5120K, 0% used [0x00000000d5580000,0x00000000d5580000,0x00000000d5a80000)
  from space 3072K, 99% used [0x00000000d5f80000,0x00000000d627fd98,0x00000000d6280000)
  to   space 5120K, 0% used [0x00000000d5a80000,0x00000000d5a80000,0x00000000d5f80000)
 ParOldGen       total 1064960K, used 1019779K [0x0000000080000000, 0x00000000c1000000, 0x00000000d5580000)
  object space 1064960K, 95% used [0x0000000080000000,0x00000000be3e0fb8,0x00000000c1000000)
 Metaspace       used 84566K, committed 86208K, reserved 1179648K
  class space    used 8214K, committed 8896K, reserved 1048576K
}
Event: 1423.456 GC heap before
{Heap before GC invocations=2704 (full 5):
 PSYoungGen      total 8192K, used 8191K [0x00000000d5580000, 0x00000000d6700000, 0x0000000100000000)
  eden space 5120K, 100% used [0x00000000d5580000,0x00000000d5a80000,0x00000000d5a80000)
  from space 3072K, 99% used [0x00000000d5f80000,0x00000000d627fd98,0x00000000d6280000)
  to   space 5120K, 0% used [0x00000000d5a80000,0x00000000d5a80000,0x00000000d5f80000)
 ParOldGen       total 1064960K, used 1019779K [0x0000000080000000, 0x00000000c1000000, 0x00000000d5580000)
  object space 1064960K, 95% used [0x0000000080000000,0x00000000be3e0fb8,0x00000000c1000000)
 Metaspace       used 84567K, committed 86208K, reserved 1179648K
  class space    used 8214K, committed 8896K, reserved 1048576K
}
Event: 1423.484 GC heap after
{Heap after GC invocations=2704 (full 5):
 PSYoungGen      total 10240K, used 3405K [0x00000000d5580000, 0x00000000d6380000, 0x0000000100000000)
  eden space 5120K, 0% used [0x00000000d5580000,0x00000000d5580000,0x00000000d5a80000)
  from space 5120K, 66% used [0x00000000d5a80000,0x00000000d5dd3550,0x00000000d5f80000)
  to   space 4096K, 0% used [0x00000000d5f80000,0x00000000d5f80000,0x00000000d6380000)
 ParOldGen       total 1064960K, used 1022912K [0x0000000080000000, 0x00000000c1000000, 0x00000000d5580000)
  object space 1064960K, 96% used [0x0000000080000000,0x00000000be6f0060,0x00000000c1000000)
 Metaspace       used 84567K, committed 86208K, reserved 1179648K
  class space    used 8214K, committed 8896K, reserved 1048576K
}
Event: 1423.576 GC heap before
{Heap before GC invocations=2705 (full 5):
 PSYoungGen      total 10240K, used 8525K [0x00000000d5580000, 0x00000000d6380000, 0x0000000100000000)
  eden space 5120K, 100% used [0x00000000d5580000,0x00000000d5a80000,0x00000000d5a80000)
  from space 5120K, 66% used [0x00000000d5a80000,0x00000000d5dd3550,0x00000000d5f80000)
  to   space 4096K, 0% used [0x00000000d5f80000,0x00000000d5f80000,0x00000000d6380000)
 ParOldGen       total 1064960K, used 1022912K [0x0000000080000000, 0x00000000c1000000, 0x00000000d5580000)
  object space 1064960K, 96% used [0x0000000080000000,0x00000000be6f0060,0x00000000c1000000)
 Metaspace       used 84567K, committed 86208K, reserved 1179648K
  class space    used 8214K, committed 8896K, reserved 1048576K
}
Event: 1423.590 GC heap after
{Heap after GC invocations=2705 (full 5):
 PSYoungGen      total 8192K, used 2029K [0x00000000d5580000, 0x00000000d6180000, 0x0000000100000000)
  eden space 6144K, 0% used [0x00000000d5580000,0x00000000d5580000,0x00000000d5b80000)
  from space 2048K, 99% used [0x00000000d5f80000,0x00000000d617b710,0x00000000d6180000)
  to   space 3072K, 0% used [0x00000000d5b80000,0x00000000d5b80000,0x00000000d5e80000)
 ParOldGen       total 1064960K, used 1026093K [0x0000000080000000, 0x00000000c1000000, 0x00000000d5580000)
  object space 1064960K, 96% used [0x0000000080000000,0x00000000bea0b7f8,0x00000000c1000000)
 Metaspace       used 84567K, committed 86208K, reserved 1179648K
  class space    used 8214K, committed 8896K, reserved 1048576K
}
Event: 1423.621 GC heap before
{Heap before GC invocations=2706 (full 5):
 PSYoungGen      total 8192K, used 8173K [0x00000000d5580000, 0x00000000d6180000, 0x0000000100000000)
  eden space 6144K, 100% used [0x00000000d5580000,0x00000000d5b80000,0x00000000d5b80000)
  from space 2048K, 99% used [0x00000000d5f80000,0x00000000d617b710,0x00000000d6180000)
  to   space 3072K, 0% used [0x00000000d5b80000,0x00000000d5b80000,0x00000000d5e80000)
 ParOldGen       total 1064960K, used 1026093K [0x0000000080000000, 0x00000000c1000000, 0x00000000d5580000)
  object space 1064960K, 96% used [0x0000000080000000,0x00000000bea0b7f8,0x00000000c1000000)
 Metaspace       used 84568K, committed 86208K, reserved 1179648K
  class space    used 8214K, committed 8896K, reserved 1048576K
}
Event: 1423.627 GC heap after
{Heap after GC invocations=2706 (full 5):
 PSYoungGen      total 9216K, used 512K [0x00000000d5580000, 0x00000000d6000000, 0x0000000100000000)
  eden space 6144K, 0% used [0x00000000d5580000,0x00000000d5580000,0x00000000d5b80000)
  from space 3072K, 16% used [0x00000000d5b80000,0x00000000d5c00000,0x00000000d5e80000)
  to   space 1536K, 0% used [0x00000000d5e80000,0x00000000d5e80000,0x00000000d6000000)
 ParOldGen       total 1064960K, used 1027054K [0x0000000080000000, 0x00000000c1000000, 0x00000000d5580000)
  object space 1064960K, 96% used [0x0000000080000000,0x00000000beafb8f8,0x00000000c1000000)
 Metaspace       used 84568K, committed 86208K, reserved 1179648K
  class space    used 8214K, committed 8896K, reserved 1048576K
}
Event: 1423.948 GC heap before
{Heap before GC invocations=2707 (full 5):
 PSYoungGen      total 9216K, used 6655K [0x00000000d5580000, 0x00000000d6000000, 0x0000000100000000)
  eden space 6144K, 99% used [0x00000000d5580000,0x00000000d5b7ffc0,0x00000000d5b80000)
  from space 3072K, 16% used [0x00000000d5b80000,0x00000000d5c00000,0x00000000d5e80000)
  to   space 1536K, 0% used [0x00000000d5e80000,0x00000000d5e80000,0x00000000d6000000)
 ParOldGen       total 1064960K, used 1027054K [0x0000000080000000, 0x00000000c1000000, 0x00000000d5580000)
  object space 1064960K, 96% used [0x0000000080000000,0x00000000beafb8f8,0x00000000c1000000)
 Metaspace       used 84569K, committed 86208K, reserved 1179648K
  class space    used 8214K, committed 8896K, reserved 1048576K
}
Event: 1423.952 GC heap after
{Heap after GC invocations=2707 (full 5):
 PSYoungGen      total 8704K, used 804K [0x00000000d5580000, 0x00000000d5f80000, 0x0000000100000000)
  eden space 7680K, 0% used [0x00000000d5580000,0x00000000d5580000,0x00000000d5d00000)
  from space 1024K, 78% used [0x00000000d5e80000,0x00000000d5f49210,0x00000000d5f80000)
  to   space 1024K, 0% used [0x00000000d5d80000,0x00000000d5d80000,0x00000000d5e80000)
 ParOldGen       total 1064960K, used 1027202K [0x0000000080000000, 0x00000000c1000000, 0x00000000d5580000)
  object space 1064960K, 96% used [0x0000000080000000,0x00000000beb209d8,0x00000000c1000000)
 Metaspace       used 84569K, committed 86208K, reserved 1179648K
  class space    used 8214K, committed 8896K, reserved 1048576K
}

